<?xml version="1.0" encoding="UTF-8"?>
<!-- Generated by org.testng.reporters.JUnitReportReporter -->
<testsuite hostname="PF3HQXBW" failures="0" tests="4" name="Exercise10" time="7.903" errors="0" timestamp="13 apr. 2024 17:03:17 GMT" skipped="0">
  <testcase classname="Exercise10" name="loggingWithIncorrectUsernameAndPassword" time="0.424"/>
  <testcase classname="Exercise10" name="loggingWithemptyUsernameAndPassword" time="0.388"/>
  <testcase classname="Exercise10" name="loggingWithCorrectUsernameAndIncorrectPassword" time="0.646"/>
  <testcase classname="Exercise10" name="loggingWithCorrectUsernameAndPassword" time="6.445"/>
</testsuite> <!-- Exercise10 -->
